apturl.desktop
apturl_mime.desktop
banshee-audiocd.desktop
banshee.desktop
banshee-media-player.desktop
blueberry.desktop
bluetooth-sendto.desktop
brasero.desktop
brasero-nautilus.desktop
caja-autorun-software.desktop
caja-browser.desktop
caja-computer.desktop
caja.desktop
caja-file-management-properties.desktop
caja-folder-handler.desktop
caja-home.desktop
ccsm.desktop
compiz.desktop
display-im6.desktop
display-im6.q16.desktop
emacs24.desktop
emacs24-term.desktop
engrampa.desktop
firefox.desktop
gcr-prompter.desktop
gcr-viewer.desktop
gdebi.desktop
gedit.desktop
gimp.desktop
gkbd-keyboard-display.desktop
gksu.desktop
gnome-calculator.desktop
gnome-disk-image-mounter.desktop
gnome-disk-image-writer.desktop
gucharmap.desktop
gufw.desktop
gvim.desktop
hexchat.desktop
hplj1020.desktop
icedtea-netx-javaws.desktop
im-config.desktop
itweb-settings.desktop
libreoffice-base.desktop
libreoffice-calc.desktop
libreoffice-draw.desktop
libreoffice-impress.desktop
libreoffice-math.desktop
libreoffice-startcenter.desktop
libreoffice-writer.desktop
libreoffice-xsltfilter.desktop
marco.desktop
mate-about.desktop
mate-about-me.desktop
mate-appearance-properties.desktop
mate-at-properties.desktop
matecc.desktop
mate-color-select.desktop
mate-default-applications-properties.desktop
mate-dictionary.desktop
mate-disk-usage-analyzer.desktop
mate-display-properties.desktop
mate-font-viewer.desktop
mate-keybinding.desktop
mate-keyboard.desktop
mate-network-properties.desktop
mate-network-scheme.desktop
mate-notification-properties.desktop
mate-panel.desktop
mate-power-preferences.desktop
mate-power-statistics.desktop
mate-screensaver-preferences.desktop
mate-screenshot.desktop
mate-search-tool.desktop
mate-session-properties.desktop
mate-settings-mouse.desktop
mate-system-log.desktop
mate-system-monitor.desktop
mate-terminal.desktop
mate-theme-installer.desktop
mate-user-guide.desktop
mate-volume-control.desktop
mate-window-properties.desktop
metacity.desktop
mintbackup.desktop
mintbackup_mime.desktop
mintdesktop.desktop
mintdrivers.desktop
mintinstall.desktop
mintinstall-kde.desktop
mintlocale.desktop
mintlocale-im.desktop
mintNanny.desktop
mintsources.desktop
mintstick.desktop
mintstick-format.desktop
mintstick-format-kde.desktop
mintstick-kde.desktop
mintupdate.desktop
mintupdate-kde.desktop
mintupload.desktop
mint-user-guide.desktop
mintwelcome.desktop
mint-window-manager.desktop
mono-runtime-common.desktop
mono-runtime-terminal.desktop
mozo.desktop
network.desktop
nm-applet.desktop
nm-applet_mate.desktop
nm-connection-editor.desktop
openjdk-8-java.desktop
openjdk-8-policytool.desktop
orca.desktop
org.gnome.DiskUtility.desktop
org.gnome.gedit.desktop
pidgin.desktop
pix.desktop
pix-import.desktop
PlayOnLinux.desktop
python2.7.desktop
python3.5.desktop
shares.desktop
signon-ui.desktop
simple-scan.desktop
synaptic.desktop
system-config-printer.desktop
thunderbird.desktop
time.desktop
tomboy.desktop
transmission-gtk.desktop
unetbootin.desktop
users.desktop
vim.desktop
vino-preferences.desktop
virtualbox.desktop
vlc.desktop
wine-browsedrive.desktop
wine.desktop
wine-notepad.desktop
wine-uninstaller.desktop
wine-winecfg.desktop
xed.desktop
xplayer.desktop
xreader.desktop
xviewer.desktop
yelp.desktop
